<?xml version="1.0" encoding="UTF-8"?>
<testsuites name="Mocha Tests" time="7.111" tests="2" failures="0">
  <testsuite name="Root Suite" timestamp="2023-04-07T07:54:33" tests="0" file="cypress\e2e\UITests.cy.js" time="0.000" failures="0">
  </testsuite>
  <testsuite name="UI tests" timestamp="2023-04-07T07:54:33" tests="2" time="7.101" failures="0">
    <testcase name="UI tests Task - 01" time="3.380" classname="Task - 01">
    </testcase>
    <testcase name="UI tests Task - 02" time="3.692" classname="Task - 02">
    </testcase>
  </testsuite>
</testsuites>